<?xml version="1.0" encoding="UTF-8"?>
<testsuite name="com.jojoldu.book.springboot.web.HelloControllerTest" tests="2" skipped="0" failures="0" errors="0" timestamp="2020-12-08T11:51:34" hostname="DESKTOP-8K5I2H8" time="0.227">
  <properties/>
  <testcase name="hello가_리턴된다" classname="com.jojoldu.book.springboot.web.HelloControllerTest" time="0.092"/>
  <testcase name="helloDto가_리턴된다" classname="com.jojoldu.book.springboot.web.HelloControllerTest" time="0.134"/>
  <system-out><![CDATA[2020-12-08 20:51:32.705  INFO 15976 --- [    Test worker] .b.t.a.w.s.WebMvcTestContextBootstrapper : Neither @ContextConfiguration nor @ContextHierarchy found for test class [com.jojoldu.book.springboot.web.HelloControllerTest], using SpringBootContextLoader
2020-12-08 20:51:32.706  INFO 15976 --- [    Test worker] o.s.t.c.support.AbstractContextLoader    : Could not detect default resource locations for test class [com.jojoldu.book.springboot.web.HelloControllerTest]: no resource found for suffixes {-context.xml, Context.groovy}.
2020-12-08 20:51:32.706  INFO 15976 --- [    Test worker] t.c.s.AnnotationConfigContextLoaderUtils : Could not detect default configuration classes for test class [com.jojoldu.book.springboot.web.HelloControllerTest]: HelloControllerTest does not declare any static, non-private, non-final, nested classes annotated with @Configuration.
2020-12-08 20:51:32.761  INFO 15976 --- [    Test worker] .b.t.c.SpringBootTestContextBootstrapper : Found @SpringBootConfiguration com.jojoldu.book.springboot.Application for test class com.jojoldu.book.springboot.web.HelloControllerTest
2020-12-08 20:51:32.762  INFO 15976 --- [    Test worker] .b.t.a.w.s.WebMvcTestContextBootstrapper : Loaded default TestExecutionListener class names from location [META-INF/spring.factories]: [org.springframework.security.test.context.support.WithSecurityContextTestExecutionListener, org.springframework.security.test.context.support.ReactorContextTestExecutionListener, org.springframework.boot.test.autoconfigure.restdocs.RestDocsTestExecutionListener, org.springframework.boot.test.autoconfigure.web.client.MockRestServiceServerResetTestExecutionListener, org.springframework.boot.test.autoconfigure.web.servlet.MockMvcPrintOnlyOnFailureTestExecutionListener, org.springframework.boot.test.autoconfigure.web.servlet.WebDriverTestExecutionListener, org.springframework.boot.test.mock.mockito.MockitoTestExecutionListener, org.springframework.boot.test.mock.mockito.ResetMocksTestExecutionListener, org.springframework.test.context.web.ServletTestExecutionListener, org.springframework.test.context.support.DirtiesContextBeforeModesTestExecutionListener, org.springframework.test.context.support.DependencyInjectionTestExecutionListener, org.springframework.test.context.support.DirtiesContextTestExecutionListener, org.springframework.test.context.transaction.TransactionalTestExecutionListener, org.springframework.test.context.jdbc.SqlScriptsTestExecutionListener]
2020-12-08 20:51:32.769  INFO 15976 --- [    Test worker] .b.t.a.w.s.WebMvcTestContextBootstrapper : Using TestExecutionListeners: [org.springframework.test.context.web.ServletTestExecutionListener@43e9ca89, org.springframework.test.context.support.DirtiesContextBeforeModesTestExecutionListener@630054f6, org.springframework.boot.test.mock.mockito.MockitoTestExecutionListener@4964c46f, org.springframework.boot.test.autoconfigure.SpringBootDependencyInjectionTestExecutionListener@13824786, org.springframework.test.context.support.DirtiesContextTestExecutionListener@1e327afd, org.springframework.test.context.transaction.TransactionalTestExecutionListener@7ff43a29, org.springframework.test.context.jdbc.SqlScriptsTestExecutionListener@105cce04, org.springframework.security.test.context.support.WithSecurityContextTestExecutionListener@11e315fe, org.springframework.security.test.context.support.ReactorContextTestExecutionListener@1c8b70ad, org.springframework.boot.test.autoconfigure.restdocs.RestDocsTestExecutionListener@42702467, org.springframework.boot.test.autoconfigure.web.client.MockRestServiceServerResetTestExecutionListener@342afec3, org.springframework.boot.test.autoconfigure.web.servlet.MockMvcPrintOnlyOnFailureTestExecutionListener@3def415d, org.springframework.boot.test.autoconfigure.web.servlet.WebDriverTestExecutionListener@7aa65055, org.springframework.boot.test.mock.mockito.ResetMocksTestExecutionListener@39b6107a]

  .   ____          _            __ _ _
 /\\ / ___'_ __ _ _(_)_ __  __ _ \ \ \ \
( ( )\___ | '_ | '_| | '_ \/ _` | \ \ \ \
 \\/  ___)| |_)| | | | | || (_| |  ) ) ) )
  '  |____| .__|_| |_|_| |_\__, | / / / /
 =========|_|==============|___/=/_/_/_/
 :: Spring Boot ::        (v2.1.9.RELEASE)

2020-12-08 20:51:32.845  INFO 15976 --- [    Test worker] c.j.b.s.web.HelloControllerTest          : Starting HelloControllerTest on DESKTOP-8K5I2H8 with PID 15976 (started by p_che in D:\fe5882)
2020-12-08 20:51:32.847  INFO 15976 --- [    Test worker] c.j.b.s.web.HelloControllerTest          : No active profile set, falling back to default profiles: default
2020-12-08 20:51:33.461  INFO 15976 --- [    Test worker] o.s.s.concurrent.ThreadPoolTaskExecutor  : Initializing ExecutorService 'applicationTaskExecutor'
2020-12-08 20:51:33.506  INFO 15976 --- [    Test worker] o.s.b.a.w.s.WelcomePageHandlerMapping    : Adding welcome page template: index
2020-12-08 20:51:33.792  INFO 15976 --- [    Test worker] .s.s.UserDetailsServiceAutoConfiguration : 

Using generated security password: 60148893-a62e-4f10-a3d6-8134bc6fa712

2020-12-08 20:51:34.007  INFO 15976 --- [    Test worker] o.s.s.web.DefaultSecurityFilterChain     : Creating filter chain: any request, [org.springframework.security.web.context.request.async.WebAsyncManagerIntegrationFilter@520e497d, org.springframework.security.web.context.SecurityContextPersistenceFilter@3c8e70fc, org.springframework.security.web.header.HeaderWriterFilter@7fc90ced, org.springframework.security.web.csrf.CsrfFilter@5428d9a2, org.springframework.security.web.authentication.logout.LogoutFilter@4ad5131a, org.springframework.security.web.authentication.UsernamePasswordAuthenticationFilter@4161e302, org.springframework.security.web.authentication.ui.DefaultLoginPageGeneratingFilter@7cf02d30, org.springframework.security.web.authentication.ui.DefaultLogoutPageGeneratingFilter@6248edbb, org.springframework.security.web.authentication.www.BasicAuthenticationFilter@5b432800, org.springframework.security.web.savedrequest.RequestCacheAwareFilter@5730f3e2, org.springframework.security.web.servletapi.SecurityContextHolderAwareRequestFilter@6029338d, org.springframework.security.web.authentication.AnonymousAuthenticationFilter@2009dada, org.springframework.security.web.session.SessionManagementFilter@6d3e3f7f, org.springframework.security.web.access.ExceptionTranslationFilter@36dba1de, org.springframework.security.web.access.intercept.FilterSecurityInterceptor@7f98edfa]
2020-12-08 20:51:34.062  INFO 15976 --- [    Test worker] o.s.b.t.m.w.SpringBootMockServletContext : Initializing Spring TestDispatcherServlet ''
2020-12-08 20:51:34.063  INFO 15976 --- [    Test worker] o.s.t.web.servlet.TestDispatcherServlet  : Initializing Servlet ''
2020-12-08 20:51:34.086  INFO 15976 --- [    Test worker] o.s.t.web.servlet.TestDispatcherServlet  : Completed initialization in 23 ms
2020-12-08 20:51:34.135  INFO 15976 --- [    Test worker] c.j.b.s.web.HelloControllerTest          : Started HelloControllerTest in 1.351 seconds (JVM running for 12.16)
]]></system-out>
  <system-err><![CDATA[]]></system-err>
</testsuite>
