<?xml version="1.0" encoding="UTF-8"?>
<testsuite name="com.jojoldu.book.springboot.web.ProfileControllerUnitTest" tests="1" skipped="0" failures="0" errors="0" timestamp="2020-12-12T09:33:10" hostname="DESKTOP-8K5I2H8" time="0.194">
  <properties/>
  <testcase name="real_profile이_없으면_첫번째가_조회된다" classname="com.jojoldu.book.springboot.web.ProfileControllerUnitTest" time="0.194"/>
  <system-out><![CDATA[18:33:10.573 [Test worker] DEBUG org.springframework.mock.env.MockEnvironment - Activating profile 'oauth'
18:33:10.579 [Test worker] DEBUG org.springframework.mock.env.MockEnvironment - Activating profile 'real-db'
]]></system-out>
  <system-err><![CDATA[]]></system-err>
</testsuite>
