<?xml version="1.0" encoding="UTF-8"?>
<testsuite name="com.jojoldu.book.springboot.web.ProfileControllerTest" tests="1" skipped="0" failures="0" errors="0" timestamp="2020-12-12T08:14:40" hostname="DESKTOP-8K5I2H8" time="0.022">
  <properties/>
  <testcase name="profile은_인증없이_호출된다" classname="com.jojoldu.book.springboot.web.ProfileControllerTest" time="0.022"/>
  <system-out><![CDATA[2020-12-12 17:14:40.128  INFO 11576 --- [    Test worker] .b.t.c.SpringBootTestContextBootstrapper : Neither @ContextConfiguration nor @ContextHierarchy found for test class [com.jojoldu.book.springboot.web.ProfileControllerTest], using SpringBootContextLoader
2020-12-12 17:14:40.129  INFO 11576 --- [    Test worker] o.s.t.c.support.AbstractContextLoader    : Could not detect default resource locations for test class [com.jojoldu.book.springboot.web.ProfileControllerTest]: no resource found for suffixes {-context.xml, Context.groovy}.
2020-12-12 17:14:40.129  INFO 11576 --- [    Test worker] t.c.s.AnnotationConfigContextLoaderUtils : Could not detect default configuration classes for test class [com.jojoldu.book.springboot.web.ProfileControllerTest]: ProfileControllerTest does not declare any static, non-private, non-final, nested classes annotated with @Configuration.
2020-12-12 17:14:40.131  INFO 11576 --- [    Test worker] .b.t.c.SpringBootTestContextBootstrapper : Found @SpringBootConfiguration com.jojoldu.book.springboot.Application for test class com.jojoldu.book.springboot.web.ProfileControllerTest
2020-12-12 17:14:40.136  INFO 11576 --- [    Test worker] .b.t.c.SpringBootTestContextBootstrapper : Loaded default TestExecutionListener class names from location [META-INF/spring.factories]: [org.springframework.security.test.context.support.WithSecurityContextTestExecutionListener, org.springframework.security.test.context.support.ReactorContextTestExecutionListener, org.springframework.boot.test.autoconfigure.restdocs.RestDocsTestExecutionListener, org.springframework.boot.test.autoconfigure.web.client.MockRestServiceServerResetTestExecutionListener, org.springframework.boot.test.autoconfigure.web.servlet.MockMvcPrintOnlyOnFailureTestExecutionListener, org.springframework.boot.test.autoconfigure.web.servlet.WebDriverTestExecutionListener, org.springframework.boot.test.mock.mockito.MockitoTestExecutionListener, org.springframework.boot.test.mock.mockito.ResetMocksTestExecutionListener, org.springframework.test.context.web.ServletTestExecutionListener, org.springframework.test.context.support.DirtiesContextBeforeModesTestExecutionListener, org.springframework.test.context.support.DependencyInjectionTestExecutionListener, org.springframework.test.context.support.DirtiesContextTestExecutionListener, org.springframework.test.context.transaction.TransactionalTestExecutionListener, org.springframework.test.context.jdbc.SqlScriptsTestExecutionListener]
2020-12-12 17:14:40.139  INFO 11576 --- [    Test worker] .b.t.c.SpringBootTestContextBootstrapper : Using TestExecutionListeners: [org.springframework.test.context.web.ServletTestExecutionListener@6f84063f, org.springframework.test.context.support.DirtiesContextBeforeModesTestExecutionListener@12f8d6ed, org.springframework.boot.test.mock.mockito.MockitoTestExecutionListener@6b100344, org.springframework.boot.test.autoconfigure.SpringBootDependencyInjectionTestExecutionListener@3e90e435, org.springframework.test.context.support.DirtiesContextTestExecutionListener@716aa826, org.springframework.test.context.transaction.TransactionalTestExecutionListener@25f15758, org.springframework.test.context.jdbc.SqlScriptsTestExecutionListener@4e906a81, org.springframework.security.test.context.support.WithSecurityContextTestExecutionListener@77988e2a, org.springframework.security.test.context.support.ReactorContextTestExecutionListener@53973367, org.springframework.boot.test.autoconfigure.restdocs.RestDocsTestExecutionListener@7cf3e5da, org.springframework.boot.test.autoconfigure.web.client.MockRestServiceServerResetTestExecutionListener@317a4ca7, org.springframework.boot.test.autoconfigure.web.servlet.MockMvcPrintOnlyOnFailureTestExecutionListener@2207d7c, org.springframework.boot.test.autoconfigure.web.servlet.WebDriverTestExecutionListener@68c66a54, org.springframework.boot.test.mock.mockito.ResetMocksTestExecutionListener@bf88fa3]
]]></system-out>
  <system-err><![CDATA[]]></system-err>
</testsuite>
