<?xml version="1.0" encoding="UTF-8"?>
<testsuite name="com.jojoldu.book.springboot.web.HelloControllerTest" tests="2" skipped="0" failures="0" errors="0" timestamp="2020-12-12T08:14:36" hostname="DESKTOP-8K5I2H8" time="0.211">
  <properties/>
  <testcase name="hello가_리턴된다" classname="com.jojoldu.book.springboot.web.HelloControllerTest" time="0.088"/>
  <testcase name="helloDto가_리턴된다" classname="com.jojoldu.book.springboot.web.HelloControllerTest" time="0.122"/>
  <system-out><![CDATA[2020-12-12 17:14:35.574  INFO 11576 --- [    Test worker] .b.t.a.w.s.WebMvcTestContextBootstrapper : Neither @ContextConfiguration nor @ContextHierarchy found for test class [com.jojoldu.book.springboot.web.HelloControllerTest], using SpringBootContextLoader
2020-12-12 17:14:35.575  INFO 11576 --- [    Test worker] o.s.t.c.support.AbstractContextLoader    : Could not detect default resource locations for test class [com.jojoldu.book.springboot.web.HelloControllerTest]: no resource found for suffixes {-context.xml, Context.groovy}.
2020-12-12 17:14:35.575  INFO 11576 --- [    Test worker] t.c.s.AnnotationConfigContextLoaderUtils : Could not detect default configuration classes for test class [com.jojoldu.book.springboot.web.HelloControllerTest]: HelloControllerTest does not declare any static, non-private, non-final, nested classes annotated with @Configuration.
2020-12-12 17:14:35.605  INFO 11576 --- [    Test worker] .b.t.c.SpringBootTestContextBootstrapper : Found @SpringBootConfiguration com.jojoldu.book.springboot.Application for test class com.jojoldu.book.springboot.web.HelloControllerTest
2020-12-12 17:14:35.606  INFO 11576 --- [    Test worker] .b.t.a.w.s.WebMvcTestContextBootstrapper : Loaded default TestExecutionListener class names from location [META-INF/spring.factories]: [org.springframework.security.test.context.support.WithSecurityContextTestExecutionListener, org.springframework.security.test.context.support.ReactorContextTestExecutionListener, org.springframework.boot.test.autoconfigure.restdocs.RestDocsTestExecutionListener, org.springframework.boot.test.autoconfigure.web.client.MockRestServiceServerResetTestExecutionListener, org.springframework.boot.test.autoconfigure.web.servlet.MockMvcPrintOnlyOnFailureTestExecutionListener, org.springframework.boot.test.autoconfigure.web.servlet.WebDriverTestExecutionListener, org.springframework.boot.test.mock.mockito.MockitoTestExecutionListener, org.springframework.boot.test.mock.mockito.ResetMocksTestExecutionListener, org.springframework.test.context.web.ServletTestExecutionListener, org.springframework.test.context.support.DirtiesContextBeforeModesTestExecutionListener, org.springframework.test.context.support.DependencyInjectionTestExecutionListener, org.springframework.test.context.support.DirtiesContextTestExecutionListener, org.springframework.test.context.transaction.TransactionalTestExecutionListener, org.springframework.test.context.jdbc.SqlScriptsTestExecutionListener]
2020-12-12 17:14:35.607  INFO 11576 --- [    Test worker] .b.t.a.w.s.WebMvcTestContextBootstrapper : Using TestExecutionListeners: [org.springframework.test.context.web.ServletTestExecutionListener@64b2e65b, org.springframework.test.context.support.DirtiesContextBeforeModesTestExecutionListener@164a11c2, org.springframework.boot.test.mock.mockito.MockitoTestExecutionListener@35cbf4a7, org.springframework.boot.test.autoconfigure.SpringBootDependencyInjectionTestExecutionListener@2c5fb7b1, org.springframework.test.context.support.DirtiesContextTestExecutionListener@5f2c1c5f, org.springframework.test.context.transaction.TransactionalTestExecutionListener@192ed279, org.springframework.test.context.jdbc.SqlScriptsTestExecutionListener@732a6337, org.springframework.security.test.context.support.WithSecurityContextTestExecutionListener@2299a0dc, org.springframework.security.test.context.support.ReactorContextTestExecutionListener@1d689e34, org.springframework.boot.test.autoconfigure.restdocs.RestDocsTestExecutionListener@723a2afa, org.springframework.boot.test.autoconfigure.web.client.MockRestServiceServerResetTestExecutionListener@52a9cc51, org.springframework.boot.test.autoconfigure.web.servlet.MockMvcPrintOnlyOnFailureTestExecutionListener@3d590998, org.springframework.boot.test.autoconfigure.web.servlet.WebDriverTestExecutionListener@6419b939, org.springframework.boot.test.mock.mockito.ResetMocksTestExecutionListener@47d722ba]

  .   ____          _            __ _ _
 /\\ / ___'_ __ _ _(_)_ __  __ _ \ \ \ \
( ( )\___ | '_ | '_| | '_ \/ _` | \ \ \ \
 \\/  ___)| |_)| | | | | || (_| |  ) ) ) )
  '  |____| .__|_| |_|_| |_\__, | / / / /
 =========|_|==============|___/=/_/_/_/
 :: Spring Boot ::        (v2.1.9.RELEASE)

2020-12-12 17:14:35.649  INFO 11576 --- [    Test worker] c.j.b.s.web.HelloControllerTest          : Starting HelloControllerTest on DESKTOP-8K5I2H8 with PID 11576 (started by p_che in D:\fe5882)
2020-12-12 17:14:35.651  INFO 11576 --- [    Test worker] c.j.b.s.web.HelloControllerTest          : No active profile set, falling back to default profiles: default
2020-12-12 17:14:36.205  INFO 11576 --- [    Test worker] o.s.s.concurrent.ThreadPoolTaskExecutor  : Initializing ExecutorService 'applicationTaskExecutor'
2020-12-12 17:14:36.243  INFO 11576 --- [    Test worker] o.s.b.a.w.s.WelcomePageHandlerMapping    : Adding welcome page template: index
2020-12-12 17:14:36.478  INFO 11576 --- [    Test worker] .s.s.UserDetailsServiceAutoConfiguration : 

Using generated security password: e4a57852-2e9e-431d-89c4-e9642d4544a0

2020-12-12 17:14:36.648  INFO 11576 --- [    Test worker] o.s.s.web.DefaultSecurityFilterChain     : Creating filter chain: any request, [org.springframework.security.web.context.request.async.WebAsyncManagerIntegrationFilter@424ead84, org.springframework.security.web.context.SecurityContextPersistenceFilter@61671998, org.springframework.security.web.header.HeaderWriterFilter@40ac3def, org.springframework.security.web.csrf.CsrfFilter@807c366, org.springframework.security.web.authentication.logout.LogoutFilter@34287d3a, org.springframework.security.web.authentication.UsernamePasswordAuthenticationFilter@277da0d4, org.springframework.security.web.authentication.ui.DefaultLoginPageGeneratingFilter@5c814e4a, org.springframework.security.web.authentication.ui.DefaultLogoutPageGeneratingFilter@1cef7b51, org.springframework.security.web.authentication.www.BasicAuthenticationFilter@2207afef, org.springframework.security.web.savedrequest.RequestCacheAwareFilter@3df6bb01, org.springframework.security.web.servletapi.SecurityContextHolderAwareRequestFilter@1c94aa15, org.springframework.security.web.authentication.AnonymousAuthenticationFilter@308d7f4, org.springframework.security.web.session.SessionManagementFilter@7686da6f, org.springframework.security.web.access.ExceptionTranslationFilter@46d343c6, org.springframework.security.web.access.intercept.FilterSecurityInterceptor@2949c1d8]
2020-12-12 17:14:36.691  INFO 11576 --- [    Test worker] o.s.b.t.m.w.SpringBootMockServletContext : Initializing Spring TestDispatcherServlet ''
2020-12-12 17:14:36.692  INFO 11576 --- [    Test worker] o.s.t.web.servlet.TestDispatcherServlet  : Initializing Servlet ''
2020-12-12 17:14:36.707  INFO 11576 --- [    Test worker] o.s.t.web.servlet.TestDispatcherServlet  : Completed initialization in 15 ms
2020-12-12 17:14:36.743  INFO 11576 --- [    Test worker] c.j.b.s.web.HelloControllerTest          : Started HelloControllerTest in 1.133 seconds (JVM running for 10.95)
]]></system-out>
  <system-err><![CDATA[]]></system-err>
</testsuite>
