<?xml version="1.0" encoding="UTF-8"?>
<testsuite name="com.jojoldu.book.springboot.web.HelloControllerTest" tests="2" skipped="0" failures="0" errors="0" timestamp="2020-12-03T11:58:52" hostname="DESKTOP-8K5I2H8" time="0.228">
  <properties/>
  <testcase name="hello가_리턴된다" classname="com.jojoldu.book.springboot.web.HelloControllerTest" time="0.094"/>
  <testcase name="helloDto가_리턴된다" classname="com.jojoldu.book.springboot.web.HelloControllerTest" time="0.132"/>
  <system-out><![CDATA[2020-12-03 20:58:51.293  INFO 16220 --- [    Test worker] .b.t.a.w.s.WebMvcTestContextBootstrapper : Neither @ContextConfiguration nor @ContextHierarchy found for test class [com.jojoldu.book.springboot.web.HelloControllerTest], using SpringBootContextLoader
2020-12-03 20:58:51.294  INFO 16220 --- [    Test worker] o.s.t.c.support.AbstractContextLoader    : Could not detect default resource locations for test class [com.jojoldu.book.springboot.web.HelloControllerTest]: no resource found for suffixes {-context.xml, Context.groovy}.
2020-12-03 20:58:51.295  INFO 16220 --- [    Test worker] t.c.s.AnnotationConfigContextLoaderUtils : Could not detect default configuration classes for test class [com.jojoldu.book.springboot.web.HelloControllerTest]: HelloControllerTest does not declare any static, non-private, non-final, nested classes annotated with @Configuration.
2020-12-03 20:58:51.333  INFO 16220 --- [    Test worker] .b.t.c.SpringBootTestContextBootstrapper : Found @SpringBootConfiguration com.jojoldu.book.springboot.Application for test class com.jojoldu.book.springboot.web.HelloControllerTest
2020-12-03 20:58:51.335  INFO 16220 --- [    Test worker] .b.t.a.w.s.WebMvcTestContextBootstrapper : Loaded default TestExecutionListener class names from location [META-INF/spring.factories]: [org.springframework.security.test.context.support.WithSecurityContextTestExecutionListener, org.springframework.security.test.context.support.ReactorContextTestExecutionListener, org.springframework.boot.test.autoconfigure.restdocs.RestDocsTestExecutionListener, org.springframework.boot.test.autoconfigure.web.client.MockRestServiceServerResetTestExecutionListener, org.springframework.boot.test.autoconfigure.web.servlet.MockMvcPrintOnlyOnFailureTestExecutionListener, org.springframework.boot.test.autoconfigure.web.servlet.WebDriverTestExecutionListener, org.springframework.boot.test.mock.mockito.MockitoTestExecutionListener, org.springframework.boot.test.mock.mockito.ResetMocksTestExecutionListener, org.springframework.test.context.web.ServletTestExecutionListener, org.springframework.test.context.support.DirtiesContextBeforeModesTestExecutionListener, org.springframework.test.context.support.DependencyInjectionTestExecutionListener, org.springframework.test.context.support.DirtiesContextTestExecutionListener, org.springframework.test.context.transaction.TransactionalTestExecutionListener, org.springframework.test.context.jdbc.SqlScriptsTestExecutionListener]
2020-12-03 20:58:51.337  INFO 16220 --- [    Test worker] .b.t.a.w.s.WebMvcTestContextBootstrapper : Using TestExecutionListeners: [org.springframework.test.context.web.ServletTestExecutionListener@65f8b02b, org.springframework.test.context.support.DirtiesContextBeforeModesTestExecutionListener@4eae3cd, org.springframework.boot.test.mock.mockito.MockitoTestExecutionListener@5d6d5a53, org.springframework.boot.test.autoconfigure.SpringBootDependencyInjectionTestExecutionListener@162e2553, org.springframework.test.context.support.DirtiesContextTestExecutionListener@36f7a655, org.springframework.test.context.transaction.TransactionalTestExecutionListener@6550dfcd, org.springframework.test.context.jdbc.SqlScriptsTestExecutionListener@52d8aef6, org.springframework.security.test.context.support.WithSecurityContextTestExecutionListener@353b1d43, org.springframework.security.test.context.support.ReactorContextTestExecutionListener@3e75c0bf, org.springframework.boot.test.autoconfigure.restdocs.RestDocsTestExecutionListener@5d38de0b, org.springframework.boot.test.autoconfigure.web.client.MockRestServiceServerResetTestExecutionListener@4a007444, org.springframework.boot.test.autoconfigure.web.servlet.MockMvcPrintOnlyOnFailureTestExecutionListener@27bca942, org.springframework.boot.test.autoconfigure.web.servlet.WebDriverTestExecutionListener@375ce532, org.springframework.boot.test.mock.mockito.ResetMocksTestExecutionListener@2c8fbd54]

  .   ____          _            __ _ _
 /\\ / ___'_ __ _ _(_)_ __  __ _ \ \ \ \
( ( )\___ | '_ | '_| | '_ \/ _` | \ \ \ \
 \\/  ___)| |_)| | | | | || (_| |  ) ) ) )
  '  |____| .__|_| |_|_| |_\__, | / / / /
 =========|_|==============|___/=/_/_/_/
 :: Spring Boot ::        (v2.1.9.RELEASE)

2020-12-03 20:58:51.384  INFO 16220 --- [    Test worker] c.j.b.s.web.HelloControllerTest          : Starting HelloControllerTest on DESKTOP-8K5I2H8 with PID 16220 (started by p_che in D:\fe5882)
2020-12-03 20:58:51.387  INFO 16220 --- [    Test worker] c.j.b.s.web.HelloControllerTest          : No active profile set, falling back to default profiles: default
2020-12-03 20:58:51.935  INFO 16220 --- [    Test worker] o.s.s.concurrent.ThreadPoolTaskExecutor  : Initializing ExecutorService 'applicationTaskExecutor'
2020-12-03 20:58:51.973  INFO 16220 --- [    Test worker] o.s.b.a.w.s.WelcomePageHandlerMapping    : Adding welcome page template: index
2020-12-03 20:58:52.213  INFO 16220 --- [    Test worker] .s.s.UserDetailsServiceAutoConfiguration : 

Using generated security password: 1aed1456-4842-45f8-9b62-74ffa6f228f9

2020-12-03 20:58:52.395  INFO 16220 --- [    Test worker] o.s.s.web.DefaultSecurityFilterChain     : Creating filter chain: any request, [org.springframework.security.web.context.request.async.WebAsyncManagerIntegrationFilter@3bb7fcc, org.springframework.security.web.context.SecurityContextPersistenceFilter@710372ce, org.springframework.security.web.header.HeaderWriterFilter@2a1a60a6, org.springframework.security.web.csrf.CsrfFilter@455502eb, org.springframework.security.web.authentication.logout.LogoutFilter@6f621524, org.springframework.security.web.authentication.UsernamePasswordAuthenticationFilter@5da162e1, org.springframework.security.web.authentication.ui.DefaultLoginPageGeneratingFilter@4e94f7d7, org.springframework.security.web.authentication.ui.DefaultLogoutPageGeneratingFilter@24e99c9c, org.springframework.security.web.authentication.www.BasicAuthenticationFilter@71e0c6ca, org.springframework.security.web.savedrequest.RequestCacheAwareFilter@5bc12594, org.springframework.security.web.servletapi.SecurityContextHolderAwareRequestFilter@22a7611a, org.springframework.security.web.authentication.AnonymousAuthenticationFilter@53c8d85d, org.springframework.security.web.session.SessionManagementFilter@47356d54, org.springframework.security.web.access.ExceptionTranslationFilter@1da6e9cb, org.springframework.security.web.access.intercept.FilterSecurityInterceptor@5067de40]
2020-12-03 20:58:52.434  INFO 16220 --- [    Test worker] o.s.b.t.m.w.SpringBootMockServletContext : Initializing Spring TestDispatcherServlet ''
2020-12-03 20:58:52.434  INFO 16220 --- [    Test worker] o.s.t.web.servlet.TestDispatcherServlet  : Initializing Servlet ''
2020-12-03 20:58:52.450  INFO 16220 --- [    Test worker] o.s.t.web.servlet.TestDispatcherServlet  : Completed initialization in 16 ms
2020-12-03 20:58:52.485  INFO 16220 --- [    Test worker] c.j.b.s.web.HelloControllerTest          : Started HelloControllerTest in 1.144 seconds (JVM running for 10.817)
]]></system-out>
  <system-err><![CDATA[]]></system-err>
</testsuite>
