<?xml version="1.0" encoding="UTF-8"?>
<testsuite name="com.jojoldu.book.springboot.web.HelloControllerTest" tests="2" skipped="0" failures="0" errors="0" timestamp="2020-12-11T10:47:48" hostname="DESKTOP-8K5I2H8" time="0.163">
  <properties/>
  <testcase name="hello가_리턴된다" classname="com.jojoldu.book.springboot.web.HelloControllerTest" time="0.049"/>
  <testcase name="helloDto가_리턴된다" classname="com.jojoldu.book.springboot.web.HelloControllerTest" time="0.113"/>
  <system-out><![CDATA[2020-12-11 19:47:47.164  INFO 17208 --- [    Test worker] .b.t.a.w.s.WebMvcTestContextBootstrapper : Neither @ContextConfiguration nor @ContextHierarchy found for test class [com.jojoldu.book.springboot.web.HelloControllerTest], using SpringBootContextLoader
2020-12-11 19:47:47.165  INFO 17208 --- [    Test worker] o.s.t.c.support.AbstractContextLoader    : Could not detect default resource locations for test class [com.jojoldu.book.springboot.web.HelloControllerTest]: no resource found for suffixes {-context.xml, Context.groovy}.
2020-12-11 19:47:47.165  INFO 17208 --- [    Test worker] t.c.s.AnnotationConfigContextLoaderUtils : Could not detect default configuration classes for test class [com.jojoldu.book.springboot.web.HelloControllerTest]: HelloControllerTest does not declare any static, non-private, non-final, nested classes annotated with @Configuration.
2020-12-11 19:47:47.189  INFO 17208 --- [    Test worker] .b.t.c.SpringBootTestContextBootstrapper : Found @SpringBootConfiguration com.jojoldu.book.springboot.Application for test class com.jojoldu.book.springboot.web.HelloControllerTest
2020-12-11 19:47:47.190  INFO 17208 --- [    Test worker] .b.t.a.w.s.WebMvcTestContextBootstrapper : Loaded default TestExecutionListener class names from location [META-INF/spring.factories]: [org.springframework.security.test.context.support.WithSecurityContextTestExecutionListener, org.springframework.security.test.context.support.ReactorContextTestExecutionListener, org.springframework.boot.test.autoconfigure.restdocs.RestDocsTestExecutionListener, org.springframework.boot.test.autoconfigure.web.client.MockRestServiceServerResetTestExecutionListener, org.springframework.boot.test.autoconfigure.web.servlet.MockMvcPrintOnlyOnFailureTestExecutionListener, org.springframework.boot.test.autoconfigure.web.servlet.WebDriverTestExecutionListener, org.springframework.boot.test.mock.mockito.MockitoTestExecutionListener, org.springframework.boot.test.mock.mockito.ResetMocksTestExecutionListener, org.springframework.test.context.web.ServletTestExecutionListener, org.springframework.test.context.support.DirtiesContextBeforeModesTestExecutionListener, org.springframework.test.context.support.DependencyInjectionTestExecutionListener, org.springframework.test.context.support.DirtiesContextTestExecutionListener, org.springframework.test.context.transaction.TransactionalTestExecutionListener, org.springframework.test.context.jdbc.SqlScriptsTestExecutionListener]
2020-12-11 19:47:47.191  INFO 17208 --- [    Test worker] .b.t.a.w.s.WebMvcTestContextBootstrapper : Using TestExecutionListeners: [org.springframework.test.context.web.ServletTestExecutionListener@33a482e9, org.springframework.test.context.support.DirtiesContextBeforeModesTestExecutionListener@32bf328b, org.springframework.boot.test.mock.mockito.MockitoTestExecutionListener@59998c60, org.springframework.boot.test.autoconfigure.SpringBootDependencyInjectionTestExecutionListener@703beafb, org.springframework.test.context.support.DirtiesContextTestExecutionListener@679f9ddf, org.springframework.test.context.transaction.TransactionalTestExecutionListener@2c7fd0cd, org.springframework.test.context.jdbc.SqlScriptsTestExecutionListener@3990b3ae, org.springframework.security.test.context.support.WithSecurityContextTestExecutionListener@1653fa55, org.springframework.security.test.context.support.ReactorContextTestExecutionListener@db9ec25, org.springframework.boot.test.autoconfigure.restdocs.RestDocsTestExecutionListener@5f12bce7, org.springframework.boot.test.autoconfigure.web.client.MockRestServiceServerResetTestExecutionListener@63236968, org.springframework.boot.test.autoconfigure.web.servlet.MockMvcPrintOnlyOnFailureTestExecutionListener@6a2ba60b, org.springframework.boot.test.autoconfigure.web.servlet.WebDriverTestExecutionListener@28b1b7af, org.springframework.boot.test.mock.mockito.ResetMocksTestExecutionListener@620ec3da]

  .   ____          _            __ _ _
 /\\ / ___'_ __ _ _(_)_ __  __ _ \ \ \ \
( ( )\___ | '_ | '_| | '_ \/ _` | \ \ \ \
 \\/  ___)| |_)| | | | | || (_| |  ) ) ) )
  '  |____| .__|_| |_|_| |_\__, | / / / /
 =========|_|==============|___/=/_/_/_/
 :: Spring Boot ::        (v2.1.9.RELEASE)

2020-12-11 19:47:47.225  INFO 17208 --- [    Test worker] c.j.b.s.web.HelloControllerTest          : Starting HelloControllerTest on DESKTOP-8K5I2H8 with PID 17208 (started by p_che in D:\fe5882)
2020-12-11 19:47:47.226  INFO 17208 --- [    Test worker] c.j.b.s.web.HelloControllerTest          : No active profile set, falling back to default profiles: default
2020-12-11 19:47:47.778  INFO 17208 --- [    Test worker] o.s.s.concurrent.ThreadPoolTaskExecutor  : Initializing ExecutorService 'applicationTaskExecutor'
2020-12-11 19:47:47.815  INFO 17208 --- [    Test worker] o.s.b.a.w.s.WelcomePageHandlerMapping    : Adding welcome page template: index
2020-12-11 19:47:48.064  INFO 17208 --- [    Test worker] .s.s.UserDetailsServiceAutoConfiguration : 

Using generated security password: 60198061-e423-4336-b57a-a905d86500d0

2020-12-11 19:47:48.224  INFO 17208 --- [    Test worker] o.s.s.web.DefaultSecurityFilterChain     : Creating filter chain: any request, [org.springframework.security.web.context.request.async.WebAsyncManagerIntegrationFilter@2b0b6748, org.springframework.security.web.context.SecurityContextPersistenceFilter@3db86218, org.springframework.security.web.header.HeaderWriterFilter@47bc6c11, org.springframework.security.web.csrf.CsrfFilter@1cfd170a, org.springframework.security.web.authentication.logout.LogoutFilter@5b1fda60, org.springframework.security.web.authentication.UsernamePasswordAuthenticationFilter@49ba4176, org.springframework.security.web.authentication.ui.DefaultLoginPageGeneratingFilter@402fec5b, org.springframework.security.web.authentication.ui.DefaultLogoutPageGeneratingFilter@6f4fe131, org.springframework.security.web.authentication.www.BasicAuthenticationFilter@39f69f47, org.springframework.security.web.savedrequest.RequestCacheAwareFilter@3c37c6b4, org.springframework.security.web.servletapi.SecurityContextHolderAwareRequestFilter@18cfe9c7, org.springframework.security.web.authentication.AnonymousAuthenticationFilter@624e5738, org.springframework.security.web.session.SessionManagementFilter@338d76ab, org.springframework.security.web.access.ExceptionTranslationFilter@19e31db6, org.springframework.security.web.access.intercept.FilterSecurityInterceptor@409dbfc1]
2020-12-11 19:47:48.254  INFO 17208 --- [    Test worker] o.s.b.t.m.w.SpringBootMockServletContext : Initializing Spring TestDispatcherServlet ''
2020-12-11 19:47:48.254  INFO 17208 --- [    Test worker] o.s.t.web.servlet.TestDispatcherServlet  : Initializing Servlet ''
2020-12-11 19:47:48.266  INFO 17208 --- [    Test worker] o.s.t.web.servlet.TestDispatcherServlet  : Completed initialization in 12 ms
2020-12-11 19:47:48.304  INFO 17208 --- [    Test worker] c.j.b.s.web.HelloControllerTest          : Started HelloControllerTest in 1.11 seconds (JVM running for 14.645)
]]></system-out>
  <system-err><![CDATA[]]></system-err>
</testsuite>
