<?xml version="1.0" encoding="UTF-8"?>
<testsuite name="com.jojoldu.book.springboot.web.IndexControllerTest" tests="1" skipped="0" failures="0" errors="0" timestamp="2020-12-08T11:51:37" hostname="DESKTOP-8K5I2H8" time="0.262">
  <properties/>
  <testcase name="메인페이지_로딩" classname="com.jojoldu.book.springboot.web.IndexControllerTest" time="0.262"/>
  <system-out><![CDATA[2020-12-08 20:51:34.373  INFO 15976 --- [    Test worker] .b.t.c.SpringBootTestContextBootstrapper : Neither @ContextConfiguration nor @ContextHierarchy found for test class [com.jojoldu.book.springboot.web.IndexControllerTest], using SpringBootContextLoader
2020-12-08 20:51:34.378  INFO 15976 --- [    Test worker] o.s.t.c.support.AbstractContextLoader    : Could not detect default resource locations for test class [com.jojoldu.book.springboot.web.IndexControllerTest]: no resource found for suffixes {-context.xml, Context.groovy}.
2020-12-08 20:51:34.380  INFO 15976 --- [    Test worker] t.c.s.AnnotationConfigContextLoaderUtils : Could not detect default configuration classes for test class [com.jojoldu.book.springboot.web.IndexControllerTest]: IndexControllerTest does not declare any static, non-private, non-final, nested classes annotated with @Configuration.
2020-12-08 20:51:34.384  INFO 15976 --- [    Test worker] .b.t.c.SpringBootTestContextBootstrapper : Found @SpringBootConfiguration com.jojoldu.book.springboot.Application for test class com.jojoldu.book.springboot.web.IndexControllerTest
2020-12-08 20:51:34.386  INFO 15976 --- [    Test worker] .b.t.c.SpringBootTestContextBootstrapper : Loaded default TestExecutionListener class names from location [META-INF/spring.factories]: [org.springframework.security.test.context.support.WithSecurityContextTestExecutionListener, org.springframework.security.test.context.support.ReactorContextTestExecutionListener, org.springframework.boot.test.autoconfigure.restdocs.RestDocsTestExecutionListener, org.springframework.boot.test.autoconfigure.web.client.MockRestServiceServerResetTestExecutionListener, org.springframework.boot.test.autoconfigure.web.servlet.MockMvcPrintOnlyOnFailureTestExecutionListener, org.springframework.boot.test.autoconfigure.web.servlet.WebDriverTestExecutionListener, org.springframework.boot.test.mock.mockito.MockitoTestExecutionListener, org.springframework.boot.test.mock.mockito.ResetMocksTestExecutionListener, org.springframework.test.context.web.ServletTestExecutionListener, org.springframework.test.context.support.DirtiesContextBeforeModesTestExecutionListener, org.springframework.test.context.support.DependencyInjectionTestExecutionListener, org.springframework.test.context.support.DirtiesContextTestExecutionListener, org.springframework.test.context.transaction.TransactionalTestExecutionListener, org.springframework.test.context.jdbc.SqlScriptsTestExecutionListener]
2020-12-08 20:51:34.387  INFO 15976 --- [    Test worker] .b.t.c.SpringBootTestContextBootstrapper : Using TestExecutionListeners: [org.springframework.test.context.web.ServletTestExecutionListener@4c4a5d06, org.springframework.test.context.support.DirtiesContextBeforeModesTestExecutionListener@58f1f07a, org.springframework.boot.test.mock.mockito.MockitoTestExecutionListener@1944802, org.springframework.boot.test.autoconfigure.SpringBootDependencyInjectionTestExecutionListener@1509f40d, org.springframework.test.context.support.DirtiesContextTestExecutionListener@b3539c7, org.springframework.test.context.transaction.TransactionalTestExecutionListener@5c107afb, org.springframework.test.context.jdbc.SqlScriptsTestExecutionListener@7f67ed23, org.springframework.security.test.context.support.WithSecurityContextTestExecutionListener@2594d75e, org.springframework.security.test.context.support.ReactorContextTestExecutionListener@74d292a, org.springframework.boot.test.autoconfigure.restdocs.RestDocsTestExecutionListener@58d54c9a, org.springframework.boot.test.autoconfigure.web.client.MockRestServiceServerResetTestExecutionListener@189bbc56, org.springframework.boot.test.autoconfigure.web.servlet.MockMvcPrintOnlyOnFailureTestExecutionListener@1b36b63c, org.springframework.boot.test.autoconfigure.web.servlet.WebDriverTestExecutionListener@755cd809, org.springframework.boot.test.mock.mockito.ResetMocksTestExecutionListener@71feba4]

  .   ____          _            __ _ _
 /\\ / ___'_ __ _ _(_)_ __  __ _ \ \ \ \
( ( )\___ | '_ | '_| | '_ \/ _` | \ \ \ \
 \\/  ___)| |_)| | | | | || (_| |  ) ) ) )
  '  |____| .__|_| |_|_| |_\__, | / / / /
 =========|_|==============|___/=/_/_/_/
 :: Spring Boot ::        (v2.1.9.RELEASE)

2020-12-08 20:51:34.429  INFO 15976 --- [    Test worker] c.j.b.s.web.IndexControllerTest          : Starting IndexControllerTest on DESKTOP-8K5I2H8 with PID 15976 (started by p_che in D:\fe5882)
2020-12-08 20:51:34.430  INFO 15976 --- [    Test worker] c.j.b.s.web.IndexControllerTest          : No active profile set, falling back to default profiles: default
2020-12-08 20:51:34.724  INFO 15976 --- [    Test worker] .s.d.r.c.RepositoryConfigurationDelegate : Bootstrapping Spring Data repositories in DEFAULT mode.
2020-12-08 20:51:34.745  INFO 15976 --- [    Test worker] .s.d.r.c.RepositoryConfigurationDelegate : Finished Spring Data repository scanning in 21ms. Found 2 repository interfaces.
2020-12-08 20:51:34.884  INFO 15976 --- [    Test worker] trationDelegate$BeanPostProcessorChecker : Bean 'org.springframework.transaction.annotation.ProxyTransactionManagementConfiguration' of type [org.springframework.transaction.annotation.ProxyTransactionManagementConfiguration$$EnhancerBySpringCGLIB$$40139500] is not eligible for getting processed by all BeanPostProcessors (for example: not eligible for auto-proxying)
2020-12-08 20:51:35.247  INFO 15976 --- [    Test worker] o.s.b.w.embedded.tomcat.TomcatWebServer  : Tomcat initialized with port(s): 0 (http)
2020-12-08 20:51:35.292  INFO 15976 --- [    Test worker] o.apache.catalina.core.StandardService   : Starting service [Tomcat]
2020-12-08 20:51:35.293  INFO 15976 --- [    Test worker] org.apache.catalina.core.StandardEngine  : Starting Servlet engine: [Apache Tomcat/9.0.26]
2020-12-08 20:51:35.539  INFO 15976 --- [    Test worker] o.a.c.c.C.[Tomcat].[localhost].[/]       : Initializing Spring embedded WebApplicationContext
2020-12-08 20:51:35.539  INFO 15976 --- [    Test worker] o.s.web.context.ContextLoader            : Root WebApplicationContext: initialization completed in 1101 ms
2020-12-08 20:51:35.779  INFO 15976 --- [    Test worker] com.zaxxer.hikari.HikariDataSource       : HikariPool-2 - Starting...
2020-12-08 20:51:35.780  INFO 15976 --- [    Test worker] com.zaxxer.hikari.HikariDataSource       : HikariPool-2 - Start completed.
2020-12-08 20:51:35.817  INFO 15976 --- [    Test worker] o.hibernate.jpa.internal.util.LogHelper  : HHH000204: Processing PersistenceUnitInfo [
	name: default
	...]
2020-12-08 20:51:35.828  INFO 15976 --- [    Test worker] org.hibernate.dialect.Dialect            : HHH000400: Using dialect: org.hibernate.dialect.MySQL5InnoDBDialect
Hibernate: drop table if exists posts
Hibernate: drop table if exists user
Hibernate: create table posts (id bigint not null auto_increment, created_date datetime, modified_date datetime, author varchar(255), content TEXT not null, title varchar(500) not null, primary key (id)) engine=InnoDB
Hibernate: create table user (id bigint not null auto_increment, created_date datetime, modified_date datetime, email varchar(255) not null, name varchar(255) not null, picture varchar(255), role varchar(255) not null, primary key (id)) engine=InnoDB
2020-12-08 20:51:35.900  INFO 15976 --- [    Test worker] o.h.t.schema.internal.SchemaCreatorImpl  : HHH000476: Executing import script 'org.hibernate.tool.schema.internal.exec.ScriptSourceInputNonExistentImpl@67bf71af'
2020-12-08 20:51:35.901  INFO 15976 --- [    Test worker] j.LocalContainerEntityManagerFactoryBean : Initialized JPA EntityManagerFactory for persistence unit 'default'
2020-12-08 20:51:36.364  INFO 15976 --- [    Test worker] o.h.h.i.QueryTranslatorFactoryInitiator  : HHH000397: Using ASTQueryTranslatorFactory
2020-12-08 20:51:36.565  INFO 15976 --- [    Test worker] o.s.s.web.DefaultSecurityFilterChain     : Creating filter chain: any request, [org.springframework.security.web.context.request.async.WebAsyncManagerIntegrationFilter@3a756734, org.springframework.security.web.context.SecurityContextPersistenceFilter@51c254cf, org.springframework.security.web.header.HeaderWriterFilter@1ed9afda, org.springframework.security.web.authentication.logout.LogoutFilter@69e5e8e1, org.springframework.security.oauth2.client.web.OAuth2AuthorizationRequestRedirectFilter@3af0613c, org.springframework.security.oauth2.client.web.OAuth2LoginAuthenticationFilter@22720ce9, org.springframework.security.web.authentication.ui.DefaultLoginPageGeneratingFilter@2ac2b55a, org.springframework.security.web.authentication.ui.DefaultLogoutPageGeneratingFilter@7dbcb604, org.springframework.security.web.savedrequest.RequestCacheAwareFilter@103c5e90, org.springframework.security.web.servletapi.SecurityContextHolderAwareRequestFilter@43489432, org.springframework.security.web.authentication.AnonymousAuthenticationFilter@447cc10e, org.springframework.security.web.session.SessionManagementFilter@61f1124b, org.springframework.security.web.access.ExceptionTranslationFilter@6ec5ff58, org.springframework.security.web.access.intercept.FilterSecurityInterceptor@3ccf6826]
2020-12-08 20:51:36.805  INFO 15976 --- [    Test worker] o.s.s.concurrent.ThreadPoolTaskExecutor  : Initializing ExecutorService 'applicationTaskExecutor'
2020-12-08 20:51:36.821  WARN 15976 --- [    Test worker] aWebConfiguration$JpaWebMvcConfiguration : spring.jpa.open-in-view is enabled by default. Therefore, database queries may be performed during view rendering. Explicitly configure spring.jpa.open-in-view to disable this warning
2020-12-08 20:51:36.858  INFO 15976 --- [    Test worker] o.s.b.a.w.s.WelcomePageHandlerMapping    : Adding welcome page template: index
2020-12-08 20:51:37.165  INFO 15976 --- [    Test worker] s.a.ScheduledAnnotationBeanPostProcessor : No TaskScheduler/ScheduledExecutorService bean found for scheduled processing
2020-12-08 20:51:37.191  INFO 15976 --- [    Test worker] o.s.b.w.embedded.tomcat.TomcatWebServer  : Tomcat started on port(s): 54297 (http) with context path ''
2020-12-08 20:51:37.192  INFO 15976 --- [    Test worker] c.j.b.s.web.IndexControllerTest          : Started IndexControllerTest in 2.802 seconds (JVM running for 15.218)
2020-12-08 20:51:37.317  INFO 15976 --- [o-auto-1-exec-1] o.a.c.c.C.[Tomcat].[localhost].[/]       : Initializing Spring DispatcherServlet 'dispatcherServlet'
2020-12-08 20:51:37.317  INFO 15976 --- [o-auto-1-exec-1] o.s.web.servlet.DispatcherServlet        : Initializing Servlet 'dispatcherServlet'
2020-12-08 20:51:37.346  INFO 15976 --- [o-auto-1-exec-1] o.s.web.servlet.DispatcherServlet        : Completed initialization in 29 ms
Hibernate: select posts0_.id as id1_0_, posts0_.created_date as created_2_0_, posts0_.modified_date as modified3_0_, posts0_.author as author4_0_, posts0_.content as content5_0_, posts0_.title as title6_0_ from posts posts0_ order by posts0_.id DESC
]]></system-out>
  <system-err><![CDATA[]]></system-err>
</testsuite>
